0: process 1 (pid  5143, parent  5142) has STARTED with balance $10
5: process 1 received all STARTED messages
9: process 1 transferred $ 1 to process 2
22: process 1 received $ 1 from process 5
24: process 1 has DONE with balance $10
28: process 1 received all DONE messages
0: process 2 (pid  5144, parent  5142) has STARTED with balance $10
5: process 2 received all STARTED messages
10: process 2 received $ 1 from process 1
12: process 2 transferred $ 2 to process 3
14: process 2 has DONE with balance $ 9
28: process 2 received all DONE messages
0: process 5 (pid  5147, parent  5142) has STARTED with balance $10
5: process 5 received all STARTED messages
19: process 5 received $ 4 from process 4
21: process 5 transferred $ 1 to process 1
24: process 5 has DONE with balance $13
27: process 5 received all DONE messages
0: process 4 (pid  5146, parent  5142) has STARTED with balance $10
5: process 4 received all STARTED messages
16: process 4 received $ 3 from process 3
18: process 4 transferred $ 4 to process 5
20: process 4 has DONE with balance $ 9
28: process 4 received all DONE messages
0: process 3 (pid  5145, parent  5142) has STARTED with balance $10
5: process 3 received all STARTED messages
13: process 3 received $ 2 from process 2
15: process 3 transferred $ 3 to process 4
17: process 3 has DONE with balance $ 9
28: process 3 received all DONE messages
6: process 0 received all STARTED messages
29: process 0 received all DONE messages
proverka konca
